<?xml version="1.0" encoding="UTF-8"?>
<!-- Generated by org.testng.reporters.JUnitReportReporter -->
<testsuite hostname="DELL" failures="0" tests="1" name="mmtrip.autotrip" time="164.090" errors="0" timestamp="09 Nov 2022 05:10:44 GMT" skipped="0">
  <testcase classname="mmtrip.autotrip" name="testcase" time="164.090"/>
</testsuite> <!-- mmtrip.autotrip -->
